[ 2015-11-19T13:36:14+08:00 ] 127.0.0.1 /index.php/Admin/System/departmentManage.html
SQL: SHOW COLUMNS FROM `xmls_menu` [ RunTime:0.004000s ]
SQL: SELECT * FROM `xmls_menu` WHERE ( `pid` = 0 ) AND ( `hide` = 0 ) ORDER BY sort asc  [ RunTime:0.001000s ]
SQL: SELECT `id` FROM `xmls_menu` WHERE ( url like '%System/departmentmanage%' ) LIMIT 1   [ RunTime:0.001000s ]
SQL: SHOW COLUMNS FROM `xmls_menu` [ RunTime:0.004000s ]
SQL: SELECT `id`,`pid`,`title` FROM `xmls_menu` WHERE ( id=137 ) LIMIT 1   [ RunTime:0.001000s ]
SQL: SELECT `id`,`pid`,`title` FROM `xmls_menu` WHERE ( id=124 ) LIMIT 1   [ RunTime:0.000000s ]
SQL: SELECT `id`,`pid`,`title` FROM `xmls_menu` WHERE ( id=122 ) LIMIT 1   [ RunTime:0.000000s ]
SQL: SELECT DISTINCT  `group` FROM `xmls_menu` WHERE ( pid = 122 )  [ RunTime:0.001000s ]
SQL: SELECT `id`,`url` FROM `xmls_menu` WHERE ( `pid` = 122 ) AND ( `hide` = 0 )  [ RunTime:0.000000s ]
SQL: SELECT `id`,`pid`,`title`,`url`,`tip` FROM `xmls_menu` WHERE ( `group` = 'CRMÁ≥ªÁªüËÆæÁΩÆ' ) AND ( `pid` = 122 ) AND ( `hide` = 0 ) ORDER BY sort asc  [ RunTime:0.000000s ]
SQL: SELECT `id`,`pid`,`title`,`url`,`tip` FROM `xmls_menu` WHERE ( `group` = 'ÂÆ¢Êà∑ÁÆ°ÁêÜ' ) AND ( `pid` = 122 ) AND ( `hide` = 0 ) ORDER BY sort asc  [ RunTime:0.001000s ]
SQL: SHOW COLUMNS FROM `xmls_my_department` [ RunTime:0.002000s ]
SQL: SELECT COUNT(*) AS tp_count FROM `xmls_my_department` WHERE ( `status` >= 0 ) LIMIT 1   [ RunTime:0.000000s ]
SQL: SELECT `id`,`department`,`description`,`who_add`,`create_time`,`update_time`,`status` FROM `xmls_my_department` WHERE ( `status` >= 0 ) ORDER BY id desc LIMIT 0,10   [ RunTime:0.000000s ]
INFO: [ view_parse ] --START--
INFO: [ template_filter ] --START--
INFO: Run Behavior\ContentReplace [ RunTime:0.001000s ]
INFO: [ template_filter ] --END-- [ RunTime:0.001000s ]
SQL: SHOW COLUMNS FROM `xmls_member` [ RunTime:0.003000s ]
SQL: SELECT `nickname` FROM `xmls_member` WHERE ( `uid` = 1 ) LIMIT 1   [ RunTime:0.000000s ]
INFO: Run Behavior\ParseTemplate [ RunTime:0.019001s ]
INFO: [ view_parse ] --END-- [ RunTime:0.019001s ]
INFO: [ view_filter ] --START--
INFO: Run Behavior\WriteHtmlCache [ RunTime:0.000000s ]
INFO: [ view_filter ] --END-- [ RunTime:0.000000s ]
INFO: [ app_end ] --START--
INFO: Run Behavior\ShowPageTrace [ RunTime:0.001000s ]
INFO: [ app_end ] --END-- [ RunTime:0.001000s ]

[ 2015-11-19T13:36:35+08:00 ] 127.0.0.1 /index.php/Admin/System/departmentManageEdit/id/1.html
SQL: SHOW COLUMNS FROM `xmls_menu` [ RunTime:0.002000s ]
SQL: SELECT * FROM `xmls_menu` WHERE ( `pid` = 0 ) AND ( `hide` = 0 ) ORDER BY sort asc  [ RunTime:0.001000s ]
SQL: SELECT `id` FROM `xmls_menu` WHERE ( url like '%System/departmentmanageedit%' ) LIMIT 1   [ RunTime:0.000000s ]
SQL: SHOW COLUMNS FROM `xmls_menu` [ RunTime:0.002000s ]
SQL: SELECT `id`,`pid`,`title` FROM `xmls_menu` WHERE ( id=137 ) LIMIT 1   [ RunTime:0.000000s ]
SQL: SELECT `id`,`pid`,`title` FROM `xmls_menu` WHERE ( id=124 ) LIMIT 1   [ RunTime:0.001000s ]
SQL: SELECT `id`,`pid`,`title` FROM `xmls_menu` WHERE ( id=122 ) LIMIT 1   [ RunTime:0.000000s ]
SQL: SELECT DISTINCT  `group` FROM `xmls_menu` WHERE ( pid = 122 )  [ RunTime:0.000000s ]
SQL: SELECT `id`,`url` FROM `xmls_menu` WHERE ( `pid` = 122 ) AND ( `hide` = 0 )  [ RunTime:0.001000s ]
SQL: SELECT `id`,`pid`,`title`,`url`,`tip` FROM `xmls_menu` WHERE ( `group` = 'CRMÁ≥ªÁªüËÆæÁΩÆ' ) AND ( `pid` = 122 ) AND ( `hide` = 0 ) ORDER BY sort asc  [ RunTime:0.001000s ]
SQL: SELECT `id`,`pid`,`title`,`url`,`tip` FROM `xmls_menu` WHERE ( `group` = 'ÂÆ¢Êà∑ÁÆ°ÁêÜ' ) AND ( `pid` = 122 ) AND ( `hide` = 0 ) ORDER BY sort asc  [ RunTime:0.000000s ]
SQL: SHOW COLUMNS FROM `xmls_my_department` [ RunTime:0.002000s ]
SQL: SELECT * FROM `xmls_my_department` WHERE ( `id` = 1 ) LIMIT 1   [ RunTime:0.000000s ]
INFO: [ view_parse ] --START--
INFO: [ template_filter ] --START--
INFO: Run Behavior\ContentReplace [ RunTime:0.000000s ]
INFO: [ template_filter ] --END-- [ RunTime:0.000000s ]
INFO: Run Behavior\ParseTemplate [ RunTime:0.012001s ]
INFO: [ view_parse ] --END-- [ RunTime:0.012001s ]
INFO: [ view_filter ] --START--
INFO: Run Behavior\WriteHtmlCache [ RunTime:0.000000s ]
INFO: [ view_filter ] --END-- [ RunTime:0.000000s ]
INFO: [ app_end ] --START--
INFO: Run Behavior\ShowPageTrace [ RunTime:0.000000s ]
INFO: [ app_end ] --END-- [ RunTime:0.000000s ]

[ 2015-11-19T13:36:37+08:00 ] 127.0.0.1 /index.php/Admin/System/departmentmanageedit.html
INFO: [ app_begin ] --START--
INFO: Run Behavior\ReadHtmlCache [ RunTime:0.001000s ]
INFO: [ app_begin ] --END-- [ RunTime:0.001000s ]
SQL: SHOW COLUMNS FROM `xmls_menu` [ RunTime:0.003000s ]
SQL: SELECT * FROM `xmls_menu` WHERE ( `pid` = 0 ) AND ( `hide` = 0 ) ORDER BY sort asc  [ RunTime:0.000000s ]
SQL: SELECT `id` FROM `xmls_menu` WHERE ( url like '%System/departmentmanageedit%' ) LIMIT 1   [ RunTime:0.000000s ]
SQL: SHOW COLUMNS FROM `xmls_menu` [ RunTime:0.003000s ]
SQL: SELECT `id`,`pid`,`title` FROM `xmls_menu` WHERE ( id=137 ) LIMIT 1   [ RunTime:0.001000s ]
SQL: SELECT `id`,`pid`,`title` FROM `xmls_menu` WHERE ( id=124 ) LIMIT 1   [ RunTime:0.001000s ]
SQL: SELECT `id`,`pid`,`title` FROM `xmls_menu` WHERE ( id=122 ) LIMIT 1   [ RunTime:0.000000s ]
SQL: SELECT DISTINCT  `group` FROM `xmls_menu` WHERE ( pid = 122 )  [ RunTime:0.000000s ]
SQL: SELECT `id`,`url` FROM `xmls_menu` WHERE ( `pid` = 122 ) AND ( `hide` = 0 )  [ RunTime:0.000000s ]
SQL: SELECT `id`,`pid`,`title`,`url`,`tip` FROM `xmls_menu` WHERE ( `group` = 'CRMÁ≥ªÁªüËÆæÁΩÆ' ) AND ( `pid` = 122 ) AND ( `hide` = 0 ) ORDER BY sort asc  [ RunTime:0.000000s ]
SQL: SELECT `id`,`pid`,`title`,`url`,`tip` FROM `xmls_menu` WHERE ( `group` = 'ÂÆ¢Êà∑ÁÆ°ÁêÜ' ) AND ( `pid` = 122 ) AND ( `hide` = 0 ) ORDER BY sort asc  [ RunTime:0.000000s ]
SQL: SHOW COLUMNS FROM `xmls_my_department` [ RunTime:0.003001s ]

[ 2015-11-19T13:36:46+08:00 ] 127.0.0.1 /index.php/Admin/System/departmentmanageedit.html
INFO: [ app_begin ] --START--
INFO: Run Behavior\ReadHtmlCache [ RunTime:0.000000s ]
INFO: [ app_begin ] --END-- [ RunTime:0.001000s ]
SQL: SHOW COLUMNS FROM `xmls_menu` [ RunTime:0.003000s ]
SQL: SELECT * FROM `xmls_menu` WHERE ( `pid` = 0 ) AND ( `hide` = 0 ) ORDER BY sort asc  [ RunTime:0.001000s ]
SQL: SELECT `id` FROM `xmls_menu` WHERE ( url like '%System/departmentmanageedit%' ) LIMIT 1   [ RunTime:0.001000s ]
SQL: SHOW COLUMNS FROM `xmls_menu` [ RunTime:0.003000s ]
SQL: SELECT `id`,`pid`,`title` FROM `xmls_menu` WHERE ( id=137 ) LIMIT 1   [ RunTime:0.000000s ]
SQL: SELECT `id`,`pid`,`title` FROM `xmls_menu` WHERE ( id=124 ) LIMIT 1   [ RunTime:0.001000s ]
SQL: SELECT `id`,`pid`,`title` FROM `xmls_menu` WHERE ( id=122 ) LIMIT 1   [ RunTime:0.000000s ]
SQL: SELECT DISTINCT  `group` FROM `xmls_menu` WHERE ( pid = 122 )  [ RunTime:0.000000s ]
SQL: SELECT `id`,`url` FROM `xmls_menu` WHERE ( `pid` = 122 ) AND ( `hide` = 0 )  [ RunTime:0.000000s ]
SQL: SELECT `id`,`pid`,`title`,`url`,`tip` FROM `xmls_menu` WHERE ( `group` = 'CRMÁ≥ªÁªüËÆæÁΩÆ' ) AND ( `pid` = 122 ) AND ( `hide` = 0 ) ORDER BY sort asc  [ RunTime:0.000000s ]
SQL: SELECT `id`,`pid`,`title`,`url`,`tip` FROM `xmls_menu` WHERE ( `group` = 'ÂÆ¢Êà∑ÁÆ°ÁêÜ' ) AND ( `pid` = 122 ) AND ( `hide` = 0 ) ORDER BY sort asc  [ RunTime:0.000000s ]
SQL: SHOW COLUMNS FROM `xmls_my_department` [ RunTime:0.003000s ]

[ 2015-11-19T13:36:53+08:00 ] 127.0.0.1 /index.php/Admin/System/departmentmanageedit.html
INFO: [ app_begin ] --START--
INFO: Run Behavior\ReadHtmlCache [ RunTime:0.001000s ]
INFO: [ app_begin ] --END-- [ RunTime:0.001000s ]
SQL: SHOW COLUMNS FROM `xmls_menu` [ RunTime:0.003001s ]
SQL: SELECT * FROM `xmls_menu` WHERE ( `pid` = 0 ) AND ( `hide` = 0 ) ORDER BY sort asc  [ RunTime:0.000000s ]
SQL: SELECT `id` FROM `xmls_menu` WHERE ( url like '%System/departmentmanageedit%' ) LIMIT 1   [ RunTime:0.000000s ]
SQL: SHOW COLUMNS FROM `xmls_menu` [ RunTime:0.003000s ]
SQL: SELECT `id`,`pid`,`title` FROM `xmls_menu` WHERE ( id=137 ) LIMIT 1   [ RunTime:0.001000s ]
SQL: SELECT `id`,`pid`,`title` FROM `xmls_menu` WHERE ( id=124 ) LIMIT 1   [ RunTime:0.000000s ]
SQL: SELECT `id`,`pid`,`title` FROM `xmls_menu` WHERE ( id=122 ) LIMIT 1   [ RunTime:0.000000s ]
SQL: SELECT DISTINCT  `group` FROM `xmls_menu` WHERE ( pid = 122 )  [ RunTime:0.000000s ]
SQL: SELECT `id`,`url` FROM `xmls_menu` WHERE ( `pid` = 122 ) AND ( `hide` = 0 )  [ RunTime:0.000000s ]
SQL: SELECT `id`,`pid`,`title`,`url`,`tip` FROM `xmls_menu` WHERE ( `group` = 'CRMÁ≥ªÁªüËÆæÁΩÆ' ) AND ( `pid` = 122 ) AND ( `hide` = 0 ) ORDER BY sort asc  [ RunTime:0.000000s ]
SQL: SELECT `id`,`pid`,`title`,`url`,`tip` FROM `xmls_menu` WHERE ( `group` = 'ÂÆ¢Êà∑ÁÆ°ÁêÜ' ) AND ( `pid` = 122 ) AND ( `hide` = 0 ) ORDER BY sort asc  [ RunTime:0.000000s ]
SQL: SHOW COLUMNS FROM `xmls_my_department` [ RunTime:0.003001s ]

[ 2015-11-19T13:39:13+08:00 ] 127.0.0.1 /index.php/Admin/System/departmentManage.html
SQL: SHOW COLUMNS FROM `xmls_menu` [ RunTime:0.002000s ]
SQL: SELECT * FROM `xmls_menu` WHERE ( `pid` = 0 ) AND ( `hide` = 0 ) ORDER BY sort asc  [ RunTime:0.000000s ]
SQL: SELECT `id` FROM `xmls_menu` WHERE ( url like '%System/departmentmanage%' ) LIMIT 1   [ RunTime:0.000000s ]
SQL: SHOW COLUMNS FROM `xmls_menu` [ RunTime:0.002001s ]
SQL: SELECT `id`,`pid`,`title` FROM `xmls_menu` WHERE ( id=137 ) LIMIT 1   [ RunTime:0.000000s ]
SQL: SELECT `id`,`pid`,`title` FROM `xmls_menu` WHERE ( id=124 ) LIMIT 1   [ RunTime:0.000000s ]
SQL: SELECT `id`,`pid`,`title` FROM `xmls_menu` WHERE ( id=122 ) LIMIT 1   [ RunTime:0.001000s ]
SQL: SELECT DISTINCT  `group` FROM `xmls_menu` WHERE ( pid = 122 )  [ RunTime:0.000000s ]
SQL: SELECT `id`,`url` FROM `xmls_menu` WHERE ( `pid` = 122 ) AND ( `hide` = 0 )  [ RunTime:0.000000s ]
SQL: SELECT `id`,`pid`,`title`,`url`,`tip` FROM `xmls_menu` WHERE ( `group` = 'CRMÁ≥ªÁªüËÆæÁΩÆ' ) AND ( `pid` = 122 ) AND ( `hide` = 0 ) ORDER BY sort asc  [ RunTime:0.000000s ]
SQL: SELECT `id`,`pid`,`title`,`url`,`tip` FROM `xmls_menu` WHERE ( `group` = 'ÂÆ¢Êà∑ÁÆ°ÁêÜ' ) AND ( `pid` = 122 ) AND ( `hide` = 0 ) ORDER BY sort asc  [ RunTime:0.001000s ]
SQL: SHOW COLUMNS FROM `xmls_my_department` [ RunTime:0.001000s ]
SQL: SELECT COUNT(*) AS tp_count FROM `xmls_my_department` WHERE ( `status` >= 0 ) LIMIT 1   [ RunTime:0.000000s ]
SQL: SELECT `id`,`department`,`description`,`who_add`,`create_time`,`update_time`,`status` FROM `xmls_my_department` WHERE ( `status` >= 0 ) ORDER BY id desc LIMIT 0,10   [ RunTime:0.001000s ]
INFO: [ view_parse ] --START--
INFO: [ template_filter ] --START--
INFO: Run Behavior\ContentReplace [ RunTime:0.000000s ]
INFO: [ template_filter ] --END-- [ RunTime:0.000000s ]
INFO: Run Behavior\ParseTemplate [ RunTime:0.012001s ]
INFO: [ view_parse ] --END-- [ RunTime:0.012001s ]
INFO: [ view_filter ] --START--
INFO: Run Behavior\WriteHtmlCache [ RunTime:0.001000s ]
INFO: [ view_filter ] --END-- [ RunTime:0.001000s ]
INFO: [ app_end ] --START--
INFO: Run Behavior\ShowPageTrace [ RunTime:0.000000s ]
INFO: [ app_end ] --END-- [ RunTime:0.000000s ]

[ 2015-11-19T13:39:15+08:00 ] 127.0.0.1 /index.php/Admin/System/departmentManageEdit/id/1.html
SQL: SHOW COLUMNS FROM `xmls_menu` [ RunTime:0.003000s ]
SQL: SELECT * FROM `xmls_menu` WHERE ( `pid` = 0 ) AND ( `hide` = 0 ) ORDER BY sort asc  [ RunTime:0.000000s ]
SQL: SELECT `id` FROM `xmls_menu` WHERE ( url like '%System/departmentmanageedit%' ) LIMIT 1   [ RunTime:0.000000s ]
SQL: SHOW COLUMNS FROM `xmls_menu` [ RunTime:0.003001s ]
SQL: SELECT `id`,`pid`,`title` FROM `xmls_menu` WHERE ( id=137 ) LIMIT 1   [ RunTime:0.001000s ]
SQL: SELECT `id`,`pid`,`title` FROM `xmls_menu` WHERE ( id=124 ) LIMIT 1   [ RunTime:0.000000s ]
SQL: SELECT `id`,`pid`,`title` FROM `xmls_menu` WHERE ( id=122 ) LIMIT 1   [ RunTime:0.000000s ]
SQL: SELECT DISTINCT  `group` FROM `xmls_menu` WHERE ( pid = 122 )  [ RunTime:0.001000s ]
SQL: SELECT `id`,`url` FROM `xmls_menu` WHERE ( `pid` = 122 ) AND ( `hide` = 0 )  [ RunTime:0.000000s ]
SQL: SELECT `id`,`pid`,`title`,`url`,`tip` FROM `xmls_menu` WHERE ( `group` = 'CRMÁ≥ªÁªüËÆæÁΩÆ' ) AND ( `pid` = 122 ) AND ( `hide` = 0 ) ORDER BY sort asc  [ RunTime:0.000000s ]
SQL: SELECT `id`,`pid`,`title`,`url`,`tip` FROM `xmls_menu` WHERE ( `group` = 'ÂÆ¢Êà∑ÁÆ°ÁêÜ' ) AND ( `pid` = 122 ) AND ( `hide` = 0 ) ORDER BY sort asc  [ RunTime:0.000000s ]
SQL: SHOW COLUMNS FROM `xmls_my_department` [ RunTime:0.001000s ]
SQL: SELECT * FROM `xmls_my_department` WHERE ( `id` = 1 ) LIMIT 1   [ RunTime:0.000000s ]
INFO: [ view_parse ] --START--
INFO: [ template_filter ] --START--
INFO: Run Behavior\ContentReplace [ RunTime:0.000000s ]
INFO: [ template_filter ] --END-- [ RunTime:0.001000s ]
INFO: Run Behavior\ParseTemplate [ RunTime:0.010001s ]
INFO: [ view_parse ] --END-- [ RunTime:0.010001s ]
INFO: [ view_filter ] --START--
INFO: Run Behavior\WriteHtmlCache [ RunTime:0.000000s ]
INFO: [ view_filter ] --END-- [ RunTime:0.000000s ]
INFO: [ app_end ] --START--
INFO: Run Behavior\ShowPageTrace [ RunTime:0.001000s ]
INFO: [ app_end ] --END-- [ RunTime:0.001000s ]

[ 2015-11-19T13:39:17+08:00 ] 127.0.0.1 /index.php/Admin/System/departmentmanageedit.html
INFO: [ app_begin ] --START--
INFO: Run Behavior\ReadHtmlCache [ RunTime:0.001000s ]
INFO: [ app_begin ] --END-- [ RunTime:0.002000s ]
SQL: SHOW COLUMNS FROM `xmls_menu` [ RunTime:0.004000s ]
SQL: SELECT * FROM `xmls_menu` WHERE ( `pid` = 0 ) AND ( `hide` = 0 ) ORDER BY sort asc  [ RunTime:0.001000s ]
SQL: SELECT `id` FROM `xmls_menu` WHERE ( url like '%System/departmentmanageedit%' ) LIMIT 1   [ RunTime:0.000000s ]
SQL: SHOW COLUMNS FROM `xmls_menu` [ RunTime:0.003000s ]
SQL: SELECT `id`,`pid`,`title` FROM `xmls_menu` WHERE ( id=137 ) LIMIT 1   [ RunTime:0.001000s ]
SQL: SELECT `id`,`pid`,`title` FROM `xmls_menu` WHERE ( id=124 ) LIMIT 1   [ RunTime:0.000000s ]
SQL: SELECT `id`,`pid`,`title` FROM `xmls_menu` WHERE ( id=122 ) LIMIT 1   [ RunTime:0.000000s ]
SQL: SELECT DISTINCT  `group` FROM `xmls_menu` WHERE ( pid = 122 )  [ RunTime:0.001000s ]
SQL: SELECT `id`,`url` FROM `xmls_menu` WHERE ( `pid` = 122 ) AND ( `hide` = 0 )  [ RunTime:0.001000s ]
SQL: SELECT `id`,`pid`,`title`,`url`,`tip` FROM `xmls_menu` WHERE ( `group` = 'CRMÁ≥ªÁªüËÆæÁΩÆ' ) AND ( `pid` = 122 ) AND ( `hide` = 0 ) ORDER BY sort asc  [ RunTime:0.001000s ]
SQL: SELECT `id`,`pid`,`title`,`url`,`tip` FROM `xmls_menu` WHERE ( `group` = 'ÂÆ¢Êà∑ÁÆ°ÁêÜ' ) AND ( `pid` = 122 ) AND ( `hide` = 0 ) ORDER BY sort asc  [ RunTime:0.001000s ]
SQL: SHOW COLUMNS FROM `xmls_my_department` [ RunTime:0.003001s ]
SQL: UPDATE `xmls_my_department` SET `department`='ÊäÄÊúØÈÉ®',`description`='Ë¥üË¥£ÂÖ¨Âè∏ÁΩëÁ´ô',`update_time`=1447911557 WHERE ( `id` = 1 ) [ RunTime:0.000000s ]

[ 2015-11-19T13:39:19+08:00 ] 127.0.0.1 /index.php/Admin/System/departmentManage.html
SQL: SHOW COLUMNS FROM `xmls_menu` [ RunTime:0.004000s ]
SQL: SELECT * FROM `xmls_menu` WHERE ( `pid` = 0 ) AND ( `hide` = 0 ) ORDER BY sort asc  [ RunTime:0.000000s ]
SQL: SELECT `id` FROM `xmls_menu` WHERE ( url like '%System/departmentmanage%' ) LIMIT 1   [ RunTime:0.001000s ]
SQL: SHOW COLUMNS FROM `xmls_menu` [ RunTime:0.003000s ]
SQL: SELECT `id`,`pid`,`title` FROM `xmls_menu` WHERE ( id=137 ) LIMIT 1   [ RunTime:0.000000s ]
SQL: SELECT `id`,`pid`,`title` FROM `xmls_menu` WHERE ( id=124 ) LIMIT 1   [ RunTime:0.000000s ]
SQL: SELECT `id`,`pid`,`title` FROM `xmls_menu` WHERE ( id=122 ) LIMIT 1   [ RunTime:0.001000s ]
SQL: SELECT DISTINCT  `group` FROM `xmls_menu` WHERE ( pid = 122 )  [ RunTime:0.001000s ]
SQL: SELECT `id`,`url` FROM `xmls_menu` WHERE ( `pid` = 122 ) AND ( `hide` = 0 )  [ RunTime:0.001000s ]
SQL: SELECT `id`,`pid`,`title`,`url`,`tip` FROM `xmls_menu` WHERE ( `group` = 'CRMÁ≥ªÁªüËÆæÁΩÆ' ) AND ( `pid` = 122 ) AND ( `hide` = 0 ) ORDER BY sort asc  [ RunTime:0.001001s ]
SQL: SELECT `id`,`pid`,`title`,`url`,`tip` FROM `xmls_menu` WHERE ( `group` = 'ÂÆ¢Êà∑ÁÆ°ÁêÜ' ) AND ( `pid` = 122 ) AND ( `hide` = 0 ) ORDER BY sort asc  [ RunTime:0.001000s ]
SQL: SHOW COLUMNS FROM `xmls_my_department` [ RunTime:0.003000s ]
SQL: SELECT COUNT(*) AS tp_count FROM `xmls_my_department` WHERE ( `status` >= 0 ) LIMIT 1   [ RunTime:0.000000s ]
SQL: SELECT `id`,`department`,`description`,`who_add`,`create_time`,`update_time`,`status` FROM `xmls_my_department` WHERE ( `status` >= 0 ) ORDER BY id desc LIMIT 0,10   [ RunTime:0.000000s ]
INFO: [ view_parse ] --START--
INFO: [ template_filter ] --START--
INFO: Run Behavior\ContentReplace [ RunTime:0.000000s ]
INFO: [ template_filter ] --END-- [ RunTime:0.000000s ]
INFO: Run Behavior\ParseTemplate [ RunTime:0.012000s ]
INFO: [ view_parse ] --END-- [ RunTime:0.012000s ]
INFO: [ view_filter ] --START--
INFO: Run Behavior\WriteHtmlCache [ RunTime:0.000000s ]
INFO: [ view_filter ] --END-- [ RunTime:0.000000s ]
INFO: [ app_end ] --START--
INFO: Run Behavior\ShowPageTrace [ RunTime:0.001001s ]
INFO: [ app_end ] --END-- [ RunTime:0.001001s ]

[ 2015-11-19T13:39:24+08:00 ] 127.0.0.1 /index.php/Admin/System/departmentManageEdit/id/2.html
SQL: SHOW COLUMNS FROM `xmls_menu` [ RunTime:0.002000s ]
SQL: SELECT * FROM `xmls_menu` WHERE ( `pid` = 0 ) AND ( `hide` = 0 ) ORDER BY sort asc  [ RunTime:0.001000s ]
SQL: SELECT `id` FROM `xmls_menu` WHERE ( url like '%System/departmentmanageedit%' ) LIMIT 1   [ RunTime:0.000000s ]
SQL: SHOW COLUMNS FROM `xmls_menu` [ RunTime:0.002000s ]
SQL: SELECT `id`,`pid`,`title` FROM `xmls_menu` WHERE ( id=137 ) LIMIT 1   [ RunTime:0.000000s ]
SQL: SELECT `id`,`pid`,`title` FROM `xmls_menu` WHERE ( id=124 ) LIMIT 1   [ RunTime:0.001000s ]
SQL: SELECT `id`,`pid`,`title` FROM `xmls_menu` WHERE ( id=122 ) LIMIT 1   [ RunTime:0.000000s ]
SQL: SELECT DISTINCT  `group` FROM `xmls_menu` WHERE ( pid = 122 )  [ RunTime:0.001001s ]
SQL: SELECT `id`,`url` FROM `xmls_menu` WHERE ( `pid` = 122 ) AND ( `hide` = 0 )  [ RunTime:0.000000s ]
SQL: SELECT `id`,`pid`,`title`,`url`,`tip` FROM `xmls_menu` WHERE ( `group` = 'CRMÁ≥ªÁªüËÆæÁΩÆ' ) AND ( `pid` = 122 ) AND ( `hide` = 0 ) ORDER BY sort asc  [ RunTime:0.000000s ]
SQL: SELECT `id`,`pid`,`title`,`url`,`tip` FROM `xmls_menu` WHERE ( `group` = 'ÂÆ¢Êà∑ÁÆ°ÁêÜ' ) AND ( `pid` = 122 ) AND ( `hide` = 0 ) ORDER BY sort asc  [ RunTime:0.001000s ]
SQL: SHOW COLUMNS FROM `xmls_my_department` [ RunTime:0.002000s ]
SQL: SELECT * FROM `xmls_my_department` WHERE ( `id` = 2 ) LIMIT 1   [ RunTime:0.000000s ]
INFO: [ view_parse ] --START--
INFO: [ template_filter ] --START--
INFO: Run Behavior\ContentReplace [ RunTime:0.000000s ]
INFO: [ template_filter ] --END-- [ RunTime:0.000000s ]
INFO: Run Behavior\ParseTemplate [ RunTime:0.011000s ]
INFO: [ view_parse ] --END-- [ RunTime:0.011000s ]
INFO: [ view_filter ] --START--
INFO: Run Behavior\WriteHtmlCache [ RunTime:0.000000s ]
INFO: [ view_filter ] --END-- [ RunTime:0.000000s ]
INFO: [ app_end ] --START--
INFO: Run Behavior\ShowPageTrace [ RunTime:0.000000s ]
INFO: [ app_end ] --END-- [ RunTime:0.000000s ]

[ 2015-11-19T13:39:25+08:00 ] 127.0.0.1 /index.php/Admin/System/departmentmanageedit.html
INFO: [ app_begin ] --START--
INFO: Run Behavior\ReadHtmlCache [ RunTime:0.001000s ]
INFO: [ app_begin ] --END-- [ RunTime:0.001000s ]
SQL: SHOW COLUMNS FROM `xmls_menu` [ RunTime:0.003000s ]
SQL: SELECT * FROM `xmls_menu` WHERE ( `pid` = 0 ) AND ( `hide` = 0 ) ORDER BY sort asc  [ RunTime:0.000000s ]
SQL: SELECT `id` FROM `xmls_menu` WHERE ( url like '%System/departmentmanageedit%' ) LIMIT 1   [ RunTime:0.000000s ]
SQL: SHOW COLUMNS FROM `xmls_menu` [ RunTime:0.017001s ]
SQL: SELECT `id`,`pid`,`title` FROM `xmls_menu` WHERE ( id=137 ) LIMIT 1   [ RunTime:0.001000s ]
SQL: SELECT `id`,`pid`,`title` FROM `xmls_menu` WHERE ( id=124 ) LIMIT 1   [ RunTime:0.000000s ]
SQL: SELECT `id`,`pid`,`title` FROM `xmls_menu` WHERE ( id=122 ) LIMIT 1   [ RunTime:0.000000s ]
SQL: SELECT DISTINCT  `group` FROM `xmls_menu` WHERE ( pid = 122 )  [ RunTime:0.001000s ]
SQL: SELECT `id`,`url` FROM `xmls_menu` WHERE ( `pid` = 122 ) AND ( `hide` = 0 )  [ RunTime:0.000000s ]
SQL: SELECT `id`,`pid`,`title`,`url`,`tip` FROM `xmls_menu` WHERE ( `group` = 'CRMÁ≥ªÁªüËÆæÁΩÆ' ) AND ( `pid` = 122 ) AND ( `hide` = 0 ) ORDER BY sort asc  [ RunTime:0.001000s ]
SQL: SELECT `id`,`pid`,`title`,`url`,`tip` FROM `xmls_menu` WHERE ( `group` = 'ÂÆ¢Êà∑ÁÆ°ÁêÜ' ) AND ( `pid` = 122 ) AND ( `hide` = 0 ) ORDER BY sort asc  [ RunTime:0.000000s ]
SQL: SHOW COLUMNS FROM `xmls_my_department` [ RunTime:0.001000s ]
SQL: UPDATE `xmls_my_department` SET `department`='ÈîÄÂîÆÈÉ®',`description`='ÈîÄÂî\Æ',`update_time`=1447911565 WHERE ( `id` = 2 ) [ RunTime:0.001000s ]

[ 2015-11-19T13:39:27+08:00 ] 127.0.0.1 /index.php/Admin/System/departmentManage.html
SQL: SHOW COLUMNS FROM `xmls_menu` [ RunTime:0.002000s ]
SQL: SELECT * FROM `xmls_menu` WHERE ( `pid` = 0 ) AND ( `hide` = 0 ) ORDER BY sort asc  [ RunTime:0.001000s ]
SQL: SELECT `id` FROM `xmls_menu` WHERE ( url like '%System/departmentmanage%' ) LIMIT 1   [ RunTime:0.000000s ]
SQL: SHOW COLUMNS FROM `xmls_menu` [ RunTime:0.002000s ]
SQL: SELECT `id`,`pid`,`title` FROM `xmls_menu` WHERE ( id=137 ) LIMIT 1   [ RunTime:0.000000s ]
SQL: SELECT `id`,`pid`,`title` FROM `xmls_menu` WHERE ( id=124 ) LIMIT 1   [ RunTime:0.000000s ]
SQL: SELECT `id`,`pid`,`title` FROM `xmls_menu` WHERE ( id=122 ) LIMIT 1   [ RunTime:0.000000s ]
SQL: SELECT DISTINCT  `group` FROM `xmls_menu` WHERE ( pid = 122 )  [ RunTime:0.001000s ]
SQL: SELECT `id`,`url` FROM `xmls_menu` WHERE ( `pid` = 122 ) AND ( `hide` = 0 )  [ RunTime:0.000000s ]
SQL: SELECT `id`,`pid`,`title`,`url`,`tip` FROM `xmls_menu` WHERE ( `group` = 'CRMÁ≥ªÁªüËÆæÁΩÆ' ) AND ( `pid` = 122 ) AND ( `hide` = 0 ) ORDER BY sort asc  [ RunTime:0.000000s ]
SQL: SELECT `id`,`pid`,`title`,`url`,`tip` FROM `xmls_menu` WHERE ( `group` = 'ÂÆ¢Êà∑ÁÆ°ÁêÜ' ) AND ( `pid` = 122 ) AND ( `hide` = 0 ) ORDER BY sort asc  [ RunTime:0.000000s ]
SQL: SHOW COLUMNS FROM `xmls_my_department` [ RunTime:0.002000s ]
SQL: SELECT COUNT(*) AS tp_count FROM `xmls_my_department` WHERE ( `status` >= 0 ) LIMIT 1   [ RunTime:0.000000s ]
SQL: SELECT `id`,`department`,`description`,`who_add`,`create_time`,`update_time`,`status` FROM `xmls_my_department` WHERE ( `status` >= 0 ) ORDER BY id desc LIMIT 0,10   [ RunTime:0.000000s ]
INFO: [ view_parse ] --START--
INFO: [ template_filter ] --START--
INFO: Run Behavior\ContentReplace [ RunTime:0.000000s ]
INFO: [ template_filter ] --END-- [ RunTime:0.000000s ]
INFO: Run Behavior\ParseTemplate [ RunTime:0.014001s ]
INFO: [ view_parse ] --END-- [ RunTime:0.014001s ]
INFO: [ view_filter ] --START--
INFO: Run Behavior\WriteHtmlCache [ RunTime:0.000000s ]
INFO: [ view_filter ] --END-- [ RunTime:0.000000s ]
INFO: [ app_end ] --START--
INFO: Run Behavior\ShowPageTrace [ RunTime:0.000000s ]
INFO: [ app_end ] --END-- [ RunTime:0.000000s ]

[ 2015-11-19T13:40:01+08:00 ] 127.0.0.1 /index.php/Admin/System/departmentManage.html
SQL: SHOW COLUMNS FROM `xmls_menu` [ RunTime:0.003000s ]
SQL: SELECT * FROM `xmls_menu` WHERE ( `pid` = 0 ) AND ( `hide` = 0 ) ORDER BY sort asc  [ RunTime:0.000000s ]
SQL: SELECT `id` FROM `xmls_menu` WHERE ( url like '%System/departmentmanage%' ) LIMIT 1   [ RunTime:0.000000s ]
SQL: SHOW COLUMNS FROM `xmls_menu` [ RunTime:0.003000s ]
SQL: SELECT `id`,`pid`,`title` FROM `xmls_menu` WHERE ( id=137 ) LIMIT 1   [ RunTime:0.000000s ]
SQL: SELECT `id`,`pid`,`title` FROM `xmls_menu` WHERE ( id=124 ) LIMIT 1   [ RunTime:0.000000s ]
SQL: SELECT `id`,`pid`,`title` FROM `xmls_menu` WHERE ( id=122 ) LIMIT 1   [ RunTime:0.000000s ]
SQL: SELECT DISTINCT  `group` FROM `xmls_menu` WHERE ( pid = 122 )  [ RunTime:0.000000s ]
SQL: SELECT `id`,`url` FROM `xmls_menu` WHERE ( `pid` = 122 ) AND ( `hide` = 0 )  [ RunTime:0.000000s ]
SQL: SELECT `id`,`pid`,`title`,`url`,`tip` FROM `xmls_menu` WHERE ( `group` = 'CRMÁ≥ªÁªüËÆæÁΩÆ' ) AND ( `pid` = 122 ) AND ( `hide` = 0 ) ORDER BY sort asc  [ RunTime:0.000000s ]
SQL: SELECT `id`,`pid`,`title`,`url`,`tip` FROM `xmls_menu` WHERE ( `group` = 'ÂÆ¢Êà∑ÁÆ°ÁêÜ' ) AND ( `pid` = 122 ) AND ( `hide` = 0 ) ORDER BY sort asc  [ RunTime:0.000000s ]
SQL: SHOW COLUMNS FROM `xmls_my_department` [ RunTime:0.002000s ]
SQL: SELECT COUNT(*) AS tp_count FROM `xmls_my_department` WHERE ( `status` >= 0 ) LIMIT 1   [ RunTime:0.000000s ]
SQL: SELECT `id`,`department`,`description`,`who_add`,`create_time`,`update_time`,`status` FROM `xmls_my_department` WHERE ( `status` >= 0 ) ORDER BY id desc LIMIT 0,10   [ RunTime:0.000000s ]
INFO: [ view_parse ] --START--
INFO: [ template_filter ] --START--
INFO: Run Behavior\ContentReplace [ RunTime:0.000000s ]
INFO: [ template_filter ] --END-- [ RunTime:0.000000s ]
INFO: Run Behavior\ParseTemplate [ RunTime:0.010000s ]
INFO: [ view_parse ] --END-- [ RunTime:0.010000s ]
INFO: [ view_filter ] --START--
INFO: Run Behavior\WriteHtmlCache [ RunTime:0.000000s ]
INFO: [ view_filter ] --END-- [ RunTime:0.000000s ]
INFO: [ app_end ] --START--
INFO: Run Behavior\ShowPageTrace [ RunTime:0.001000s ]
INFO: [ app_end ] --END-- [ RunTime:0.001000s ]

[ 2015-11-19T13:40:04+08:00 ] 127.0.0.1 /index.php/Admin/System/departmentManageEdit/id/2.html
SQL: SHOW COLUMNS FROM `xmls_menu` [ RunTime:0.003000s ]
SQL: SELECT * FROM `xmls_menu` WHERE ( `pid` = 0 ) AND ( `hide` = 0 ) ORDER BY sort asc  [ RunTime:0.001000s ]
SQL: SELECT `id` FROM `xmls_menu` WHERE ( url like '%System/departmentmanageedit%' ) LIMIT 1   [ RunTime:0.001001s ]
SQL: SHOW COLUMNS FROM `xmls_menu` [ RunTime:0.003000s ]
SQL: SELECT `id`,`pid`,`title` FROM `xmls_menu` WHERE ( id=137 ) LIMIT 1   [ RunTime:0.001000s ]
SQL: SELECT `id`,`pid`,`title` FROM `xmls_menu` WHERE ( id=124 ) LIMIT 1   [ RunTime:0.000000s ]
SQL: SELECT `id`,`pid`,`title` FROM `xmls_menu` WHERE ( id=122 ) LIMIT 1   [ RunTime:0.000000s ]
SQL: SELECT DISTINCT  `group` FROM `xmls_menu` WHERE ( pid = 122 )  [ RunTime:0.000000s ]
SQL: SELECT `id`,`url` FROM `xmls_menu` WHERE ( `pid` = 122 ) AND ( `hide` = 0 )  [ RunTime:0.000000s ]
SQL: SELECT `id`,`pid`,`title`,`url`,`tip` FROM `xmls_menu` WHERE ( `group` = 'CRMÁ≥ªÁªüËÆæÁΩÆ' ) AND ( `pid` = 122 ) AND ( `hide` = 0 ) ORDER BY sort asc  [ RunTime:0.000000s ]
SQL: SELECT `id`,`pid`,`title`,`url`,`tip` FROM `xmls_menu` WHERE ( `group` = 'ÂÆ¢Êà∑ÁÆ°ÁêÜ' ) AND ( `pid` = 122 ) AND ( `hide` = 0 ) ORDER BY sort asc  [ RunTime:0.000000s ]
SQL: SHOW COLUMNS FROM `xmls_my_department` [ RunTime:0.003000s ]
SQL: SELECT * FROM `xmls_my_department` WHERE ( `id` = 2 ) LIMIT 1   [ RunTime:0.001000s ]
INFO: [ view_parse ] --START--
INFO: [ template_filter ] --START--
INFO: Run Behavior\ContentReplace [ RunTime:0.000000s ]
INFO: [ template_filter ] --END-- [ RunTime:0.000000s ]
INFO: Run Behavior\ParseTemplate [ RunTime:0.017001s ]
INFO: [ view_parse ] --END-- [ RunTime:0.017001s ]
INFO: [ view_filter ] --START--
INFO: Run Behavior\WriteHtmlCache [ RunTime:0.001000s ]
INFO: [ view_filter ] --END-- [ RunTime:0.001000s ]
INFO: [ app_end ] --START--
INFO: Run Behavior\ShowPageTrace [ RunTime:0.001000s ]
INFO: [ app_end ] --END-- [ RunTime:0.001000s ]

[ 2015-11-19T13:40:06+08:00 ] 127.0.0.1 /index.php/Admin/System/departmentmanageedit.html
INFO: [ app_begin ] --START--
INFO: Run Behavior\ReadHtmlCache [ RunTime:0.000000s ]
INFO: [ app_begin ] --END-- [ RunTime:0.002000s ]
SQL: SHOW COLUMNS FROM `xmls_menu` [ RunTime:0.003000s ]
SQL: SELECT * FROM `xmls_menu` WHERE ( `pid` = 0 ) AND ( `hide` = 0 ) ORDER BY sort asc  [ RunTime:0.001000s ]
SQL: SELECT `id` FROM `xmls_menu` WHERE ( url like '%System/departmentmanageedit%' ) LIMIT 1   [ RunTime:0.001000s ]
SQL: SHOW COLUMNS FROM `xmls_menu` [ RunTime:0.003001s ]
SQL: SELECT `id`,`pid`,`title` FROM `xmls_menu` WHERE ( id=137 ) LIMIT 1   [ RunTime:0.001000s ]
SQL: SELECT `id`,`pid`,`title` FROM `xmls_menu` WHERE ( id=124 ) LIMIT 1   [ RunTime:0.000000s ]
SQL: SELECT `id`,`pid`,`title` FROM `xmls_menu` WHERE ( id=122 ) LIMIT 1   [ RunTime:0.000000s ]
SQL: SELECT DISTINCT  `group` FROM `xmls_menu` WHERE ( pid = 122 )  [ RunTime:0.001000s ]
SQL: SELECT `id`,`url` FROM `xmls_menu` WHERE ( `pid` = 122 ) AND ( `hide` = 0 )  [ RunTime:0.001000s ]
SQL: SELECT `id`,`pid`,`title`,`url`,`tip` FROM `xmls_menu` WHERE ( `group` = 'CRMÁ≥ªÁªüËÆæÁΩÆ' ) AND ( `pid` = 122 ) AND ( `hide` = 0 ) ORDER BY sort asc  [ RunTime:0.001000s ]
SQL: SELECT `id`,`pid`,`title`,`url`,`tip` FROM `xmls_menu` WHERE ( `group` = 'ÂÆ¢Êà∑ÁÆ°ÁêÜ' ) AND ( `pid` = 122 ) AND ( `hide` = 0 ) ORDER BY sort asc  [ RunTime:0.001000s ]
SQL: SHOW COLUMNS FROM `xmls_my_department` [ RunTime:0.003000s ]
SQL: UPDATE `xmls_my_department` SET `department`='ÈîÄÂîÆÈÉ®',`description`='ÈîÄÂî\Æ',`update_time`=1447911606 WHERE ( `id` = 2 ) [ RunTime:0.001000s ]

[ 2015-11-19T13:40:07+08:00 ] 127.0.0.1 /index.php/Admin/System/departmentManage.html
SQL: SHOW COLUMNS FROM `xmls_menu` [ RunTime:0.004000s ]
SQL: SELECT * FROM `xmls_menu` WHERE ( `pid` = 0 ) AND ( `hide` = 0 ) ORDER BY sort asc  [ RunTime:0.001000s ]
SQL: SELECT `id` FROM `xmls_menu` WHERE ( url like '%System/departmentmanage%' ) LIMIT 1   [ RunTime:0.001000s ]
SQL: SHOW COLUMNS FROM `xmls_menu` [ RunTime:0.004000s ]
SQL: SELECT `id`,`pid`,`title` FROM `xmls_menu` WHERE ( id=137 ) LIMIT 1   [ RunTime:0.001000s ]
SQL: SELECT `id`,`pid`,`title` FROM `xmls_menu` WHERE ( id=124 ) LIMIT 1   [ RunTime:0.001000s ]
SQL: SELECT `id`,`pid`,`title` FROM `xmls_menu` WHERE ( id=122 ) LIMIT 1   [ RunTime:0.000000s ]
SQL: SELECT DISTINCT  `group` FROM `xmls_menu` WHERE ( pid = 122 )  [ RunTime:0.001000s ]
SQL: SELECT `id`,`url` FROM `xmls_menu` WHERE ( `pid` = 122 ) AND ( `hide` = 0 )  [ RunTime:0.001000s ]
SQL: SELECT `id`,`pid`,`title`,`url`,`tip` FROM `xmls_menu` WHERE ( `group` = 'CRMÁ≥ªÁªüËÆæÁΩÆ' ) AND ( `pid` = 122 ) AND ( `hide` = 0 ) ORDER BY sort asc  [ RunTime:0.001000s ]
SQL: SELECT `id`,`pid`,`title`,`url`,`tip` FROM `xmls_menu` WHERE ( `group` = 'ÂÆ¢Êà∑ÁÆ°ÁêÜ' ) AND ( `pid` = 122 ) AND ( `hide` = 0 ) ORDER BY sort asc  [ RunTime:0.001000s ]
SQL: SHOW COLUMNS FROM `xmls_my_department` [ RunTime:0.004000s ]
SQL: SELECT COUNT(*) AS tp_count FROM `xmls_my_department` WHERE ( `status` >= 0 ) LIMIT 1   [ RunTime:0.001000s ]
SQL: SELECT `id`,`department`,`description`,`who_add`,`create_time`,`update_time`,`status` FROM `xmls_my_department` WHERE ( `status` >= 0 ) ORDER BY id desc LIMIT 0,10   [ RunTime:0.001000s ]
INFO: [ view_parse ] --START--
INFO: [ template_filter ] --START--
INFO: Run Behavior\ContentReplace [ RunTime:0.000000s ]
INFO: [ template_filter ] --END-- [ RunTime:0.000000s ]
INFO: Run Behavior\ParseTemplate [ RunTime:0.026001s ]
INFO: [ view_parse ] --END-- [ RunTime:0.026001s ]
INFO: [ view_filter ] --START--
INFO: Run Behavior\WriteHtmlCache [ RunTime:0.000000s ]
INFO: [ view_filter ] --END-- [ RunTime:0.000000s ]
INFO: [ app_end ] --START--
INFO: Run Behavior\ShowPageTrace [ RunTime:0.001000s ]
INFO: [ app_end ] --END-- [ RunTime:0.001000s ]

[ 2015-11-19T13:51:35+08:00 ] 127.0.0.1 /index.php/Admin/Custom/shareCustomList.html
SQL: SHOW COLUMNS FROM `xmls_menu` [ RunTime:0.002000s ]
SQL: SELECT * FROM `xmls_menu` WHERE ( `pid` = 0 ) AND ( `hide` = 0 ) ORDER BY sort asc  [ RunTime:0.000000s ]
SQL: SELECT `id` FROM `xmls_menu` WHERE ( url like '%Custom/sharecustomlist%' ) LIMIT 1   [ RunTime:0.000000s ]
SQL: SHOW COLUMNS FROM `xmls_menu` [ RunTime:0.002000s ]
SQL: SELECT `id`,`pid`,`title` FROM `xmls_menu` WHERE ( id=132 ) LIMIT 1   [ RunTime:0.000000s ]
SQL: SELECT `id`,`pid`,`title` FROM `xmls_menu` WHERE ( id=122 ) LIMIT 1   [ RunTime:0.000000s ]
SQL: SELECT DISTINCT  `group` FROM `xmls_menu` WHERE ( pid = 122 )  [ RunTime:0.001000s ]
SQL: SELECT `id`,`url` FROM `xmls_menu` WHERE ( `pid` = 122 ) AND ( `hide` = 0 )  [ RunTime:0.000000s ]
SQL: SELECT `id`,`pid`,`title`,`url`,`tip` FROM `xmls_menu` WHERE ( `group` = 'CRMÁ≥ªÁªüËÆæÁΩÆ' ) AND ( `pid` = 122 ) AND ( `hide` = 0 ) ORDER BY sort asc  [ RunTime:0.001000s ]
SQL: SELECT `id`,`pid`,`title`,`url`,`tip` FROM `xmls_menu` WHERE ( `group` = 'ÂÆ¢Êà∑ÁÆ°ÁêÜ' ) AND ( `pid` = 122 ) AND ( `hide` = 0 ) ORDER BY sort asc  [ RunTime:0.000000s ]
INFO: [ view_parse ] --START--
INFO: [ template_filter ] --START--
INFO: Run Behavior\ContentReplace [ RunTime:0.000000s ]
INFO: [ template_filter ] --END-- [ RunTime:0.000000s ]
NOTIC: [8] Undefined variable: meta_title E:\WWW\barbarossa\Runtime\Cache\Admin\1574b94304be88636692a84b78a973eb.php Á¨¨ 5 Ë°å.
INFO: Run Behavior\ParseTemplate [ RunTime:0.535030s ]
INFO: [ view_parse ] --END-- [ RunTime:0.535030s ]
INFO: [ view_filter ] --START--
INFO: Run Behavior\WriteHtmlCache [ RunTime:0.001001s ]
INFO: [ view_filter ] --END-- [ RunTime:0.001001s ]
INFO: [ app_end ] --START--
INFO: Run Behavior\ShowPageTrace [ RunTime:0.001000s ]
INFO: [ app_end ] --END-- [ RunTime:0.002000s ]

[ 2015-11-19T13:51:37+08:00 ] 127.0.0.1 /index.php/Admin/Custom/shareCustomList.html
SQL: SHOW COLUMNS FROM `xmls_menu` [ RunTime:0.001000s ]
SQL: SELECT * FROM `xmls_menu` WHERE ( `pid` = 0 ) AND ( `hide` = 0 ) ORDER BY sort asc  [ RunTime:0.000000s ]
SQL: SELECT `id` FROM `xmls_menu` WHERE ( url like '%Custom/sharecustomlist%' ) LIMIT 1   [ RunTime:0.001000s ]
SQL: SHOW COLUMNS FROM `xmls_menu` [ RunTime:0.002000s ]
SQL: SELECT `id`,`pid`,`title` FROM `xmls_menu` WHERE ( id=132 ) LIMIT 1   [ RunTime:0.000000s ]
SQL: SELECT `id`,`pid`,`title` FROM `xmls_menu` WHERE ( id=122 ) LIMIT 1   [ RunTime:0.000000s ]
SQL: SELECT DISTINCT  `group` FROM `xmls_menu` WHERE ( pid = 122 )  [ RunTime:0.000000s ]
SQL: SELECT `id`,`url` FROM `xmls_menu` WHERE ( `pid` = 122 ) AND ( `hide` = 0 )  [ RunTime:0.000000s ]
SQL: SELECT `id`,`pid`,`title`,`url`,`tip` FROM `xmls_menu` WHERE ( `group` = 'CRMÁ≥ªÁªüËÆæÁΩÆ' ) AND ( `pid` = 122 ) AND ( `hide` = 0 ) ORDER BY sort asc  [ RunTime:0.000000s ]
SQL: SELECT `id`,`pid`,`title`,`url`,`tip` FROM `xmls_menu` WHERE ( `group` = 'ÂÆ¢Êà∑ÁÆ°ÁêÜ' ) AND ( `pid` = 122 ) AND ( `hide` = 0 ) ORDER BY sort asc  [ RunTime:0.000000s ]
INFO: [ view_parse ] --START--
INFO: [ template_filter ] --START--
INFO: Run Behavior\ContentReplace [ RunTime:0.000000s ]
INFO: [ template_filter ] --END-- [ RunTime:0.000000s ]
NOTIC: [8] Undefined variable: meta_title E:\WWW\barbarossa\Runtime\Cache\Admin\1574b94304be88636692a84b78a973eb.php Á¨¨ 5 Ë°å.
INFO: Run Behavior\ParseTemplate [ RunTime:0.009001s ]
INFO: [ view_parse ] --END-- [ RunTime:0.009001s ]
INFO: [ view_filter ] --START--
INFO: Run Behavior\WriteHtmlCache [ RunTime:0.000000s ]
INFO: [ view_filter ] --END-- [ RunTime:0.000000s ]
INFO: [ app_end ] --START--
INFO: Run Behavior\ShowPageTrace [ RunTime:0.000000s ]
INFO: [ app_end ] --END-- [ RunTime:0.000000s ]

[ 2015-11-19T13:51:39+08:00 ] 127.0.0.1 /index.php/Admin/Custom/excelUpload.html
SQL: SHOW COLUMNS FROM `xmls_menu` [ RunTime:0.002000s ]
SQL: SELECT * FROM `xmls_menu` WHERE ( `pid` = 0 ) AND ( `hide` = 0 ) ORDER BY sort asc  [ RunTime:0.001000s ]
SQL: SELECT `id` FROM `xmls_menu` WHERE ( url like '%Custom/excelupload%' ) LIMIT 1   [ RunTime:0.000000s ]
SQL: SHOW COLUMNS FROM `xmls_menu` [ RunTime:0.002000s ]
SQL: SELECT `id`,`pid`,`title` FROM `xmls_menu` WHERE ( id=131 ) LIMIT 1   [ RunTime:0.000000s ]
SQL: SELECT `id`,`pid`,`title` FROM `xmls_menu` WHERE ( id=122 ) LIMIT 1   [ RunTime:0.000000s ]
SQL: SELECT DISTINCT  `group` FROM `xmls_menu` WHERE ( pid = 122 )  [ RunTime:0.000000s ]
SQL: SELECT `id`,`url` FROM `xmls_menu` WHERE ( `pid` = 122 ) AND ( `hide` = 0 )  [ RunTime:0.000000s ]
SQL: SELECT `id`,`pid`,`title`,`url`,`tip` FROM `xmls_menu` WHERE ( `group` = 'CRMÁ≥ªÁªüËÆæÁΩÆ' ) AND ( `pid` = 122 ) AND ( `hide` = 0 ) ORDER BY sort asc  [ RunTime:0.001000s ]
SQL: SELECT `id`,`pid`,`title`,`url`,`tip` FROM `xmls_menu` WHERE ( `group` = 'ÂÆ¢Êà∑ÁÆ°ÁêÜ' ) AND ( `pid` = 122 ) AND ( `hide` = 0 ) ORDER BY sort asc  [ RunTime:0.001000s ]
ERR: ÈùûÊ≥ïÊìç‰Ωú:excelupload

[ 2015-11-19T13:57:16+08:00 ] 127.0.0.1 /index.php/Admin/Custom/excelUpload.html
SQL: SHOW COLUMNS FROM `xmls_menu` [ RunTime:0.002000s ]
SQL: SELECT * FROM `xmls_menu` WHERE ( `pid` = 0 ) AND ( `hide` = 0 ) ORDER BY sort asc  [ RunTime:0.000000s ]
SQL: SELECT `id` FROM `xmls_menu` WHERE ( url like '%Custom/excelupload%' ) LIMIT 1   [ RunTime:0.000000s ]
SQL: SHOW COLUMNS FROM `xmls_menu` [ RunTime:0.002000s ]
SQL: SELECT `id`,`pid`,`title` FROM `xmls_menu` WHERE ( id=131 ) LIMIT 1   [ RunTime:0.001000s ]
SQL: SELECT `id`,`pid`,`title` FROM `xmls_menu` WHERE ( id=122 ) LIMIT 1   [ RunTime:0.000000s ]
SQL: SELECT DISTINCT  `group` FROM `xmls_menu` WHERE ( pid = 122 )  [ RunTime:0.001000s ]
SQL: SELECT `id`,`url` FROM `xmls_menu` WHERE ( `pid` = 122 ) AND ( `hide` = 0 )  [ RunTime:0.001000s ]
SQL: SELECT `id`,`pid`,`title`,`url`,`tip` FROM `xmls_menu` WHERE ( `group` = 'CRMÁ≥ªÁªüËÆæÁΩÆ' ) AND ( `pid` = 122 ) AND ( `hide` = 0 ) ORDER BY sort asc  [ RunTime:0.000000s ]
SQL: SELECT `id`,`pid`,`title`,`url`,`tip` FROM `xmls_menu` WHERE ( `group` = 'ÂÆ¢Êà∑ÁÆ°ÁêÜ' ) AND ( `pid` = 122 ) AND ( `hide` = 0 ) ORDER BY sort asc  [ RunTime:0.000000s ]
ERR: ÈùûÊ≥ïÊìç‰Ωú:excelupload

